The system is: Darwin - 16.7.0 - x86_64
Compiling the C compiler identification source file "CMakeCCompilerId.c" succeeded.
Compiler: /Applications/Xcode.app/Contents/Developer/Toolchains/XcodeDefault.xctoolchain/usr/bin/cc 
Build flags: 
Id flags:  

The output was:
0


Compilation of the C compiler identification source "CMakeCCompilerId.c" produced "a.out"

The C compiler identification is AppleClang, found in "/Users/vmateu/GitHub/Caliper/build/CMakeFiles/3.9.1/CompilerIdC/a.out"

Compiling the CXX compiler identification source file "CMakeCXXCompilerId.cpp" succeeded.
Compiler: /Applications/Xcode.app/Contents/Developer/Toolchains/XcodeDefault.xctoolchain/usr/bin/c++ 
Build flags: 
Id flags:  

The output was:
0


Compilation of the CXX compiler identification source "CMakeCXXCompilerId.cpp" produced "a.out"

The CXX compiler identification is AppleClang, found in "/Users/vmateu/GitHub/Caliper/build/CMakeFiles/3.9.1/CompilerIdCXX/a.out"

Compiling the Fortran compiler identification source file "CMakeFortranCompilerId.F" succeeded.
Compiler: /usr/local/bin/gfortran 
Build flags: 
Id flags: -v 

The output was:
0
Driving: /usr/local/bin/gfortran -v CMakeFortranCompilerId.F -mmacosx-version-min=10.12.7 -asm_macosx_version_min=10.12 -l gfortran -shared-libgcc
Using built-in specs.
COLLECT_GCC=/usr/local/bin/gfortran
COLLECT_LTO_WRAPPER=/usr/local/libexec/gcc/x86_64-apple-darwin15.6.0/6.3.0/lto-wrapper
Target: x86_64-apple-darwin15.6.0
Configured with: ../gcc-6.3.0/configure --enable-languages=c++,fortran
Thread model: posix
gcc version 6.3.0 (GCC) 
COLLECT_GCC_OPTIONS='-v' '-mmacosx-version-min=10.12.7' '-asm_macosx_version_min=10.12' '-shared-libgcc' '-mtune=core2'
 /usr/local/libexec/gcc/x86_64-apple-darwin15.6.0/6.3.0/f951 CMakeFortranCompilerId.F -ffixed-form -cpp=/var/folders/jl/1xd_v8g16bngvp25q38_nksr0000gn/T//cc5PJQmm.f90 -quiet -v -D__DYNAMIC__ CMakeFortranCompilerId.F -fPIC -quiet -dumpbase CMakeFortranCompilerId.F -mmacosx-version-min=10.12.7 -mtune=core2 -auxbase CMakeFortranCompilerId -version -fintrinsic-modules-path /usr/local/lib/gcc/x86_64-apple-darwin15.6.0/6.3.0/finclude -o /var/folders/jl/1xd_v8g16bngvp25q38_nksr0000gn/T//ccg2NHKS.s
GNU Fortran (GCC) version 6.3.0 (x86_64-apple-darwin15.6.0)
	compiled by GNU C version 6.3.0, GMP version 6.0.0, MPFR version 3.1.2-p10, MPC version 1.0.2, isl version none
GGC heuristics: --param ggc-min-expand=100 --param ggc-min-heapsize=131072
ignoring nonexistent directory "/usr/local/lib/gcc/x86_64-apple-darwin15.6.0/6.3.0/../../../../x86_64-apple-darwin15.6.0/include"
#include "..." search starts here:
#include <...> search starts here:
 /usr/local/lib/gcc/x86_64-apple-darwin15.6.0/6.3.0/finclude
 /usr/local/lib/gcc/x86_64-apple-darwin15.6.0/6.3.0/include
 /usr/local/include
 /usr/local/lib/gcc/x86_64-apple-darwin15.6.0/6.3.0/include-fixed
 /usr/include
End of search list.
GNU Fortran2008 (GCC) version 6.3.0 (x86_64-apple-darwin15.6.0)
	compiled by GNU C version 6.3.0, GMP version 6.0.0, MPFR version 3.1.2-p10, MPC version 1.0.2, isl version none
GGC heuristics: --param ggc-min-expand=100 --param ggc-min-heapsize=131072
COLLECT_GCC_OPTIONS='-v' '-mmacosx-version-min=10.12.7'  '-shared-libgcc' '-mtune=core2'
 as -arch x86_64 -v -force_cpusubtype_ALL -mmacosx-version-min=10.12 -o /var/folders/jl/1xd_v8g16bngvp25q38_nksr0000gn/T//ccOdISKP.o /var/folders/jl/1xd_v8g16bngvp25q38_nksr0000gn/T//ccg2NHKS.s
Apple LLVM version 9.0.0 (clang-900.0.38)
Target: x86_64-apple-darwin16.7.0
Thread model: posix
InstalledDir: /Applications/Xcode.app/Contents/Developer/Toolchains/XcodeDefault.xctoolchain/usr/bin
 "/Applications/Xcode.app/Contents/Developer/Toolchains/XcodeDefault.xctoolchain/usr/bin/clang" -cc1as -triple x86_64-apple-macosx10.12.0 -filetype obj -main-file-name ccg2NHKS.s -target-cpu penryn -fdebug-compilation-dir /Users/vmateu/GitHub/Caliper/build/CMakeFiles/3.9.1/CompilerIdFortran -dwarf-debug-producer Apple LLVM version 9.0.0 (clang-900.0.38) -dwarf-version=4 -mrelocation-model pic -o /var/folders/jl/1xd_v8g16bngvp25q38_nksr0000gn/T//ccOdISKP.o /var/folders/jl/1xd_v8g16bngvp25q38_nksr0000gn/T//ccg2NHKS.s
Reading specs from /usr/local/lib/gcc/x86_64-apple-darwin15.6.0/6.3.0/../../../libgfortran.spec
rename spec lib to liborig
COLLECT_GCC_OPTIONS='-v' '-mmacosx-version-min=10.12.7'  '-shared-libgcc' '-mtune=core2'
COMPILER_PATH=/usr/local/libexec/gcc/x86_64-apple-darwin15.6.0/6.3.0/:/usr/local/libexec/gcc/x86_64-apple-darwin15.6.0/6.3.0/:/usr/local/libexec/gcc/x86_64-apple-darwin15.6.0/:/usr/local/lib/gcc/x86_64-apple-darwin15.6.0/6.3.0/:/usr/local/lib/gcc/x86_64-apple-darwin15.6.0/
LIBRARY_PATH=/usr/local/lib/gcc/x86_64-apple-darwin15.6.0/6.3.0/:/usr/local/lib/gcc/x86_64-apple-darwin15.6.0/6.3.0/../../../
COLLECT_GCC_OPTIONS='-v' '-mmacosx-version-min=10.12.7'  '-shared-libgcc' '-mtune=core2'
 /usr/local/libexec/gcc/x86_64-apple-darwin15.6.0/6.3.0/collect2 -dynamic -arch x86_64 -macosx_version_min 10.12.7 -weak_reference_mismatches non-weak -o a.out -L/usr/local/lib/gcc/x86_64-apple-darwin15.6.0/6.3.0 -L/usr/local/lib/gcc/x86_64-apple-darwin15.6.0/6.3.0/../../.. /var/folders/jl/1xd_v8g16bngvp25q38_nksr0000gn/T//ccOdISKP.o -lgfortran -no_compact_unwind -lSystem -lgcc_ext.10.5 -lgcc -lquadmath -lm -lgcc_ext.10.5 -lgcc -lSystem -v
collect2 version 6.3.0
/usr/bin/ld -dynamic -arch x86_64 -macosx_version_min 10.12.7 -weak_reference_mismatches non-weak -o a.out -L/usr/local/lib/gcc/x86_64-apple-darwin15.6.0/6.3.0 -L/usr/local/lib/gcc/x86_64-apple-darwin15.6.0/6.3.0/../../.. /var/folders/jl/1xd_v8g16bngvp25q38_nksr0000gn/T//ccOdISKP.o -lgfortran -no_compact_unwind -lSystem -lgcc_ext.10.5 -lgcc -lquadmath -lm -lgcc_ext.10.5 -lgcc -lSystem -v
@(#)PROGRAM:ld  PROJECT:ld64-302.3.1
configured to support archs: armv6 armv7 armv7s arm64 i386 x86_64 x86_64h armv6m armv7k armv7m armv7em (tvOS)
Library search paths:
	/usr/local/lib/gcc/x86_64-apple-darwin15.6.0/6.3.0
	/usr/local/lib
	/usr/lib
	/usr/local/lib
Framework search paths:
	/Library/Frameworks/
	/System/Library/Frameworks/


Compilation of the Fortran compiler identification source "CMakeFortranCompilerId.F" produced "a.out"

The Fortran compiler identification is GNU, found in "/Users/vmateu/GitHub/Caliper/build/CMakeFiles/3.9.1/CompilerIdFortran/a.out"

Determining if the C compiler works passed with the following output:
Change Dir: /Users/vmateu/GitHub/Caliper/build/CMakeFiles/CMakeTmp

Run Build Command:"/usr/bin/make" "cmTC_5a9d4/fast"
/Applications/Xcode.app/Contents/Developer/usr/bin/make -f CMakeFiles/cmTC_5a9d4.dir/build.make CMakeFiles/cmTC_5a9d4.dir/build
Building C object CMakeFiles/cmTC_5a9d4.dir/testCCompiler.c.o
/Applications/Xcode.app/Contents/Developer/Toolchains/XcodeDefault.xctoolchain/usr/bin/cc    -o CMakeFiles/cmTC_5a9d4.dir/testCCompiler.c.o   -c /Users/vmateu/GitHub/Caliper/build/CMakeFiles/CMakeTmp/testCCompiler.c
Linking C executable cmTC_5a9d4
/opt/local/bin/cmake -E cmake_link_script CMakeFiles/cmTC_5a9d4.dir/link.txt --verbose=1
/Applications/Xcode.app/Contents/Developer/Toolchains/XcodeDefault.xctoolchain/usr/bin/cc   -Wl,-search_paths_first -Wl,-headerpad_max_install_names   CMakeFiles/cmTC_5a9d4.dir/testCCompiler.c.o  -o cmTC_5a9d4 


Detecting C compiler ABI info compiled with the following output:
Change Dir: /Users/vmateu/GitHub/Caliper/build/CMakeFiles/CMakeTmp

Run Build Command:"/usr/bin/make" "cmTC_57761/fast"
/Applications/Xcode.app/Contents/Developer/usr/bin/make -f CMakeFiles/cmTC_57761.dir/build.make CMakeFiles/cmTC_57761.dir/build
Building C object CMakeFiles/cmTC_57761.dir/CMakeCCompilerABI.c.o
/Applications/Xcode.app/Contents/Developer/Toolchains/XcodeDefault.xctoolchain/usr/bin/cc    -o CMakeFiles/cmTC_57761.dir/CMakeCCompilerABI.c.o   -c /opt/local/share/cmake-3.9/Modules/CMakeCCompilerABI.c
Linking C executable cmTC_57761
/opt/local/bin/cmake -E cmake_link_script CMakeFiles/cmTC_57761.dir/link.txt --verbose=1
/Applications/Xcode.app/Contents/Developer/Toolchains/XcodeDefault.xctoolchain/usr/bin/cc   -Wl,-search_paths_first -Wl,-headerpad_max_install_names  -v -Wl,-v CMakeFiles/cmTC_57761.dir/CMakeCCompilerABI.c.o  -o cmTC_57761 
Apple LLVM version 9.0.0 (clang-900.0.38)
Target: x86_64-apple-darwin16.7.0
Thread model: posix
InstalledDir: /Applications/Xcode.app/Contents/Developer/Toolchains/XcodeDefault.xctoolchain/usr/bin
 "/Applications/Xcode.app/Contents/Developer/Toolchains/XcodeDefault.xctoolchain/usr/bin/ld" -demangle -lto_library /Applications/Xcode.app/Contents/Developer/Toolchains/XcodeDefault.xctoolchain/usr/lib/libLTO.dylib -dynamic -arch x86_64 -macosx_version_min 10.12.0 -o cmTC_57761 -search_paths_first -headerpad_max_install_names -v CMakeFiles/cmTC_57761.dir/CMakeCCompilerABI.c.o -lSystem /Applications/Xcode.app/Contents/Developer/Toolchains/XcodeDefault.xctoolchain/usr/lib/clang/9.0.0/lib/darwin/libclang_rt.osx.a
@(#)PROGRAM:ld  PROJECT:ld64-302.3.1
configured to support archs: armv6 armv7 armv7s arm64 i386 x86_64 x86_64h armv6m armv7k armv7m armv7em (tvOS)
Library search paths:
	/usr/lib
	/usr/local/lib
Framework search paths:
	/Library/Frameworks/
	/System/Library/Frameworks/


Parsed C implicit link information from above output:
  link line regex: [^( *|.*[/\])(ld|CMAKE_LINK_STARTFILE-NOTFOUND|([^/\]+-)?ld|collect2)[^/\]*( |$)]
  ignore line: [Change Dir: /Users/vmateu/GitHub/Caliper/build/CMakeFiles/CMakeTmp]
  ignore line: []
  ignore line: [Run Build Command:"/usr/bin/make" "cmTC_57761/fast"]
  ignore line: [/Applications/Xcode.app/Contents/Developer/usr/bin/make -f CMakeFiles/cmTC_57761.dir/build.make CMakeFiles/cmTC_57761.dir/build]
  ignore line: [Building C object CMakeFiles/cmTC_57761.dir/CMakeCCompilerABI.c.o]
  ignore line: [/Applications/Xcode.app/Contents/Developer/Toolchains/XcodeDefault.xctoolchain/usr/bin/cc    -o CMakeFiles/cmTC_57761.dir/CMakeCCompilerABI.c.o   -c /opt/local/share/cmake-3.9/Modules/CMakeCCompilerABI.c]
  ignore line: [Linking C executable cmTC_57761]
  ignore line: [/opt/local/bin/cmake -E cmake_link_script CMakeFiles/cmTC_57761.dir/link.txt --verbose=1]
  ignore line: [/Applications/Xcode.app/Contents/Developer/Toolchains/XcodeDefault.xctoolchain/usr/bin/cc   -Wl,-search_paths_first -Wl,-headerpad_max_install_names  -v -Wl,-v CMakeFiles/cmTC_57761.dir/CMakeCCompilerABI.c.o  -o cmTC_57761 ]
  ignore line: [Apple LLVM version 9.0.0 (clang-900.0.38)]
  ignore line: [Target: x86_64-apple-darwin16.7.0]
  ignore line: [Thread model: posix]
  ignore line: [InstalledDir: /Applications/Xcode.app/Contents/Developer/Toolchains/XcodeDefault.xctoolchain/usr/bin]
  link line: [ "/Applications/Xcode.app/Contents/Developer/Toolchains/XcodeDefault.xctoolchain/usr/bin/ld" -demangle -lto_library /Applications/Xcode.app/Contents/Developer/Toolchains/XcodeDefault.xctoolchain/usr/lib/libLTO.dylib -dynamic -arch x86_64 -macosx_version_min 10.12.0 -o cmTC_57761 -search_paths_first -headerpad_max_install_names -v CMakeFiles/cmTC_57761.dir/CMakeCCompilerABI.c.o -lSystem /Applications/Xcode.app/Contents/Developer/Toolchains/XcodeDefault.xctoolchain/usr/lib/clang/9.0.0/lib/darwin/libclang_rt.osx.a]
    arg [/Applications/Xcode.app/Contents/Developer/Toolchains/XcodeDefault.xctoolchain/usr/bin/ld] ==> ignore
    arg [-demangle] ==> ignore
    arg [-lto_library] ==> ignore, skip following value
    arg [/Applications/Xcode.app/Contents/Developer/Toolchains/XcodeDefault.xctoolchain/usr/lib/libLTO.dylib] ==> skip value of -lto_library
    arg [-dynamic] ==> ignore
    arg [-arch] ==> ignore
    arg [x86_64] ==> ignore
    arg [-macosx_version_min] ==> ignore
    arg [10.12.0] ==> ignore
    arg [-o] ==> ignore
    arg [cmTC_57761] ==> ignore
    arg [-search_paths_first] ==> ignore
    arg [-headerpad_max_install_names] ==> ignore
    arg [-v] ==> ignore
    arg [CMakeFiles/cmTC_57761.dir/CMakeCCompilerABI.c.o] ==> ignore
    arg [-lSystem] ==> lib [System]
    arg [/Applications/Xcode.app/Contents/Developer/Toolchains/XcodeDefault.xctoolchain/usr/lib/clang/9.0.0/lib/darwin/libclang_rt.osx.a] ==> lib [/Applications/Xcode.app/Contents/Developer/Toolchains/XcodeDefault.xctoolchain/usr/lib/clang/9.0.0/lib/darwin/libclang_rt.osx.a]
  Library search paths: [;/usr/lib;/usr/local/lib]
  Framework search paths: [;/Library/Frameworks/;/System/Library/Frameworks/]
  remove lib [System]
  remove lib [/Applications/Xcode.app/Contents/Developer/Toolchains/XcodeDefault.xctoolchain/usr/lib/clang/9.0.0/lib/darwin/libclang_rt.osx.a]
  collapse library dir [/usr/lib] ==> [/usr/lib]
  collapse library dir [/usr/local/lib] ==> [/usr/local/lib]
  collapse framework dir [/Library/Frameworks/] ==> [/Library/Frameworks]
  collapse framework dir [/System/Library/Frameworks/] ==> [/System/Library/Frameworks]
  implicit libs: []
  implicit dirs: [/usr/lib;/usr/local/lib]
  implicit fwks: [/Library/Frameworks;/System/Library/Frameworks]




Detecting C [-std=c11] compiler features compiled with the following output:
Change Dir: /Users/vmateu/GitHub/Caliper/build/CMakeFiles/CMakeTmp

Run Build Command:"/usr/bin/make" "cmTC_770fa/fast"
/Applications/Xcode.app/Contents/Developer/usr/bin/make -f CMakeFiles/cmTC_770fa.dir/build.make CMakeFiles/cmTC_770fa.dir/build
Building C object CMakeFiles/cmTC_770fa.dir/feature_tests.c.o
/Applications/Xcode.app/Contents/Developer/Toolchains/XcodeDefault.xctoolchain/usr/bin/cc   -std=c11 -o CMakeFiles/cmTC_770fa.dir/feature_tests.c.o   -c /Users/vmateu/GitHub/Caliper/build/CMakeFiles/feature_tests.c
Linking C executable cmTC_770fa
/opt/local/bin/cmake -E cmake_link_script CMakeFiles/cmTC_770fa.dir/link.txt --verbose=1
/Applications/Xcode.app/Contents/Developer/Toolchains/XcodeDefault.xctoolchain/usr/bin/cc   -Wl,-search_paths_first -Wl,-headerpad_max_install_names   CMakeFiles/cmTC_770fa.dir/feature_tests.c.o  -o cmTC_770fa 


    Feature record: C_FEATURE:1c_function_prototypes
    Feature record: C_FEATURE:1c_restrict
    Feature record: C_FEATURE:1c_static_assert
    Feature record: C_FEATURE:1c_variadic_macros


Detecting C [-std=c99] compiler features compiled with the following output:
Change Dir: /Users/vmateu/GitHub/Caliper/build/CMakeFiles/CMakeTmp

Run Build Command:"/usr/bin/make" "cmTC_86940/fast"
/Applications/Xcode.app/Contents/Developer/usr/bin/make -f CMakeFiles/cmTC_86940.dir/build.make CMakeFiles/cmTC_86940.dir/build
Building C object CMakeFiles/cmTC_86940.dir/feature_tests.c.o
/Applications/Xcode.app/Contents/Developer/Toolchains/XcodeDefault.xctoolchain/usr/bin/cc   -std=c99 -o CMakeFiles/cmTC_86940.dir/feature_tests.c.o   -c /Users/vmateu/GitHub/Caliper/build/CMakeFiles/feature_tests.c
Linking C executable cmTC_86940
/opt/local/bin/cmake -E cmake_link_script CMakeFiles/cmTC_86940.dir/link.txt --verbose=1
/Applications/Xcode.app/Contents/Developer/Toolchains/XcodeDefault.xctoolchain/usr/bin/cc   -Wl,-search_paths_first -Wl,-headerpad_max_install_names   CMakeFiles/cmTC_86940.dir/feature_tests.c.o  -o cmTC_86940 


    Feature record: C_FEATURE:1c_function_prototypes
    Feature record: C_FEATURE:1c_restrict
    Feature record: C_FEATURE:0c_static_assert
    Feature record: C_FEATURE:1c_variadic_macros


Detecting C [-std=c90] compiler features compiled with the following output:
Change Dir: /Users/vmateu/GitHub/Caliper/build/CMakeFiles/CMakeTmp

Run Build Command:"/usr/bin/make" "cmTC_c313e/fast"
/Applications/Xcode.app/Contents/Developer/usr/bin/make -f CMakeFiles/cmTC_c313e.dir/build.make CMakeFiles/cmTC_c313e.dir/build
Building C object CMakeFiles/cmTC_c313e.dir/feature_tests.c.o
/Applications/Xcode.app/Contents/Developer/Toolchains/XcodeDefault.xctoolchain/usr/bin/cc   -std=c90 -o CMakeFiles/cmTC_c313e.dir/feature_tests.c.o   -c /Users/vmateu/GitHub/Caliper/build/CMakeFiles/feature_tests.c
Linking C executable cmTC_c313e
/opt/local/bin/cmake -E cmake_link_script CMakeFiles/cmTC_c313e.dir/link.txt --verbose=1
/Applications/Xcode.app/Contents/Developer/Toolchains/XcodeDefault.xctoolchain/usr/bin/cc   -Wl,-search_paths_first -Wl,-headerpad_max_install_names   CMakeFiles/cmTC_c313e.dir/feature_tests.c.o  -o cmTC_c313e 


    Feature record: C_FEATURE:1c_function_prototypes
    Feature record: C_FEATURE:0c_restrict
    Feature record: C_FEATURE:0c_static_assert
    Feature record: C_FEATURE:0c_variadic_macros
Determining if the CXX compiler works passed with the following output:
Change Dir: /Users/vmateu/GitHub/Caliper/build/CMakeFiles/CMakeTmp

Run Build Command:"/usr/bin/make" "cmTC_c6f1c/fast"
/Applications/Xcode.app/Contents/Developer/usr/bin/make -f CMakeFiles/cmTC_c6f1c.dir/build.make CMakeFiles/cmTC_c6f1c.dir/build
Building CXX object CMakeFiles/cmTC_c6f1c.dir/testCXXCompiler.cxx.o
/Applications/Xcode.app/Contents/Developer/Toolchains/XcodeDefault.xctoolchain/usr/bin/c++     -o CMakeFiles/cmTC_c6f1c.dir/testCXXCompiler.cxx.o -c /Users/vmateu/GitHub/Caliper/build/CMakeFiles/CMakeTmp/testCXXCompiler.cxx
Linking CXX executable cmTC_c6f1c
/opt/local/bin/cmake -E cmake_link_script CMakeFiles/cmTC_c6f1c.dir/link.txt --verbose=1
/Applications/Xcode.app/Contents/Developer/Toolchains/XcodeDefault.xctoolchain/usr/bin/c++    -Wl,-search_paths_first -Wl,-headerpad_max_install_names   CMakeFiles/cmTC_c6f1c.dir/testCXXCompiler.cxx.o  -o cmTC_c6f1c 


Detecting CXX compiler ABI info compiled with the following output:
Change Dir: /Users/vmateu/GitHub/Caliper/build/CMakeFiles/CMakeTmp

Run Build Command:"/usr/bin/make" "cmTC_c0e13/fast"
/Applications/Xcode.app/Contents/Developer/usr/bin/make -f CMakeFiles/cmTC_c0e13.dir/build.make CMakeFiles/cmTC_c0e13.dir/build
Building CXX object CMakeFiles/cmTC_c0e13.dir/CMakeCXXCompilerABI.cpp.o
/Applications/Xcode.app/Contents/Developer/Toolchains/XcodeDefault.xctoolchain/usr/bin/c++     -o CMakeFiles/cmTC_c0e13.dir/CMakeCXXCompilerABI.cpp.o -c /opt/local/share/cmake-3.9/Modules/CMakeCXXCompilerABI.cpp
Linking CXX executable cmTC_c0e13
/opt/local/bin/cmake -E cmake_link_script CMakeFiles/cmTC_c0e13.dir/link.txt --verbose=1
/Applications/Xcode.app/Contents/Developer/Toolchains/XcodeDefault.xctoolchain/usr/bin/c++    -Wl,-search_paths_first -Wl,-headerpad_max_install_names  -v -Wl,-v CMakeFiles/cmTC_c0e13.dir/CMakeCXXCompilerABI.cpp.o  -o cmTC_c0e13 
Apple LLVM version 9.0.0 (clang-900.0.38)
Target: x86_64-apple-darwin16.7.0
Thread model: posix
InstalledDir: /Applications/Xcode.app/Contents/Developer/Toolchains/XcodeDefault.xctoolchain/usr/bin
 "/Applications/Xcode.app/Contents/Developer/Toolchains/XcodeDefault.xctoolchain/usr/bin/ld" -demangle -lto_library /Applications/Xcode.app/Contents/Developer/Toolchains/XcodeDefault.xctoolchain/usr/lib/libLTO.dylib -dynamic -arch x86_64 -macosx_version_min 10.12.0 -o cmTC_c0e13 -search_paths_first -headerpad_max_install_names -v CMakeFiles/cmTC_c0e13.dir/CMakeCXXCompilerABI.cpp.o -lc++ -lSystem /Applications/Xcode.app/Contents/Developer/Toolchains/XcodeDefault.xctoolchain/usr/lib/clang/9.0.0/lib/darwin/libclang_rt.osx.a
@(#)PROGRAM:ld  PROJECT:ld64-302.3.1
configured to support archs: armv6 armv7 armv7s arm64 i386 x86_64 x86_64h armv6m armv7k armv7m armv7em (tvOS)
Library search paths:
	/usr/lib
	/usr/local/lib
Framework search paths:
	/Library/Frameworks/
	/System/Library/Frameworks/


Parsed CXX implicit link information from above output:
  link line regex: [^( *|.*[/\])(ld|CMAKE_LINK_STARTFILE-NOTFOUND|([^/\]+-)?ld|collect2)[^/\]*( |$)]
  ignore line: [Change Dir: /Users/vmateu/GitHub/Caliper/build/CMakeFiles/CMakeTmp]
  ignore line: []
  ignore line: [Run Build Command:"/usr/bin/make" "cmTC_c0e13/fast"]
  ignore line: [/Applications/Xcode.app/Contents/Developer/usr/bin/make -f CMakeFiles/cmTC_c0e13.dir/build.make CMakeFiles/cmTC_c0e13.dir/build]
  ignore line: [Building CXX object CMakeFiles/cmTC_c0e13.dir/CMakeCXXCompilerABI.cpp.o]
  ignore line: [/Applications/Xcode.app/Contents/Developer/Toolchains/XcodeDefault.xctoolchain/usr/bin/c++     -o CMakeFiles/cmTC_c0e13.dir/CMakeCXXCompilerABI.cpp.o -c /opt/local/share/cmake-3.9/Modules/CMakeCXXCompilerABI.cpp]
  ignore line: [Linking CXX executable cmTC_c0e13]
  ignore line: [/opt/local/bin/cmake -E cmake_link_script CMakeFiles/cmTC_c0e13.dir/link.txt --verbose=1]
  ignore line: [/Applications/Xcode.app/Contents/Developer/Toolchains/XcodeDefault.xctoolchain/usr/bin/c++    -Wl,-search_paths_first -Wl,-headerpad_max_install_names  -v -Wl,-v CMakeFiles/cmTC_c0e13.dir/CMakeCXXCompilerABI.cpp.o  -o cmTC_c0e13 ]
  ignore line: [Apple LLVM version 9.0.0 (clang-900.0.38)]
  ignore line: [Target: x86_64-apple-darwin16.7.0]
  ignore line: [Thread model: posix]
  ignore line: [InstalledDir: /Applications/Xcode.app/Contents/Developer/Toolchains/XcodeDefault.xctoolchain/usr/bin]
  link line: [ "/Applications/Xcode.app/Contents/Developer/Toolchains/XcodeDefault.xctoolchain/usr/bin/ld" -demangle -lto_library /Applications/Xcode.app/Contents/Developer/Toolchains/XcodeDefault.xctoolchain/usr/lib/libLTO.dylib -dynamic -arch x86_64 -macosx_version_min 10.12.0 -o cmTC_c0e13 -search_paths_first -headerpad_max_install_names -v CMakeFiles/cmTC_c0e13.dir/CMakeCXXCompilerABI.cpp.o -lc++ -lSystem /Applications/Xcode.app/Contents/Developer/Toolchains/XcodeDefault.xctoolchain/usr/lib/clang/9.0.0/lib/darwin/libclang_rt.osx.a]
    arg [/Applications/Xcode.app/Contents/Developer/Toolchains/XcodeDefault.xctoolchain/usr/bin/ld] ==> ignore
    arg [-demangle] ==> ignore
    arg [-lto_library] ==> ignore, skip following value
    arg [/Applications/Xcode.app/Contents/Developer/Toolchains/XcodeDefault.xctoolchain/usr/lib/libLTO.dylib] ==> skip value of -lto_library
    arg [-dynamic] ==> ignore
    arg [-arch] ==> ignore
    arg [x86_64] ==> ignore
    arg [-macosx_version_min] ==> ignore
    arg [10.12.0] ==> ignore
    arg [-o] ==> ignore
    arg [cmTC_c0e13] ==> ignore
    arg [-search_paths_first] ==> ignore
    arg [-headerpad_max_install_names] ==> ignore
    arg [-v] ==> ignore
    arg [CMakeFiles/cmTC_c0e13.dir/CMakeCXXCompilerABI.cpp.o] ==> ignore
    arg [-lc++] ==> lib [c++]
    arg [-lSystem] ==> lib [System]
    arg [/Applications/Xcode.app/Contents/Developer/Toolchains/XcodeDefault.xctoolchain/usr/lib/clang/9.0.0/lib/darwin/libclang_rt.osx.a] ==> lib [/Applications/Xcode.app/Contents/Developer/Toolchains/XcodeDefault.xctoolchain/usr/lib/clang/9.0.0/lib/darwin/libclang_rt.osx.a]
  Library search paths: [;/usr/lib;/usr/local/lib]
  Framework search paths: [;/Library/Frameworks/;/System/Library/Frameworks/]
  remove lib [System]
  remove lib [/Applications/Xcode.app/Contents/Developer/Toolchains/XcodeDefault.xctoolchain/usr/lib/clang/9.0.0/lib/darwin/libclang_rt.osx.a]
  collapse library dir [/usr/lib] ==> [/usr/lib]
  collapse library dir [/usr/local/lib] ==> [/usr/local/lib]
  collapse framework dir [/Library/Frameworks/] ==> [/Library/Frameworks]
  collapse framework dir [/System/Library/Frameworks/] ==> [/System/Library/Frameworks]
  implicit libs: [c++]
  implicit dirs: [/usr/lib;/usr/local/lib]
  implicit fwks: [/Library/Frameworks;/System/Library/Frameworks]




Detecting CXX [-std=c++1z] compiler features compiled with the following output:
Change Dir: /Users/vmateu/GitHub/Caliper/build/CMakeFiles/CMakeTmp

Run Build Command:"/usr/bin/make" "cmTC_0358d/fast"
/Applications/Xcode.app/Contents/Developer/usr/bin/make -f CMakeFiles/cmTC_0358d.dir/build.make CMakeFiles/cmTC_0358d.dir/build
Building CXX object CMakeFiles/cmTC_0358d.dir/feature_tests.cxx.o
/Applications/Xcode.app/Contents/Developer/Toolchains/XcodeDefault.xctoolchain/usr/bin/c++    -std=c++1z -o CMakeFiles/cmTC_0358d.dir/feature_tests.cxx.o -c /Users/vmateu/GitHub/Caliper/build/CMakeFiles/feature_tests.cxx
Linking CXX executable cmTC_0358d
/opt/local/bin/cmake -E cmake_link_script CMakeFiles/cmTC_0358d.dir/link.txt --verbose=1
/Applications/Xcode.app/Contents/Developer/Toolchains/XcodeDefault.xctoolchain/usr/bin/c++    -Wl,-search_paths_first -Wl,-headerpad_max_install_names   CMakeFiles/cmTC_0358d.dir/feature_tests.cxx.o  -o cmTC_0358d 


    Feature record: CXX_FEATURE:1cxx_aggregate_default_initializers
    Feature record: CXX_FEATURE:1cxx_alias_templates
    Feature record: CXX_FEATURE:1cxx_alignas
    Feature record: CXX_FEATURE:1cxx_alignof
    Feature record: CXX_FEATURE:1cxx_attributes
    Feature record: CXX_FEATURE:1cxx_attribute_deprecated
    Feature record: CXX_FEATURE:1cxx_auto_type
    Feature record: CXX_FEATURE:1cxx_binary_literals
    Feature record: CXX_FEATURE:1cxx_constexpr
    Feature record: CXX_FEATURE:1cxx_contextual_conversions
    Feature record: CXX_FEATURE:1cxx_decltype
    Feature record: CXX_FEATURE:1cxx_decltype_auto
    Feature record: CXX_FEATURE:1cxx_decltype_incomplete_return_types
    Feature record: CXX_FEATURE:1cxx_default_function_template_args
    Feature record: CXX_FEATURE:1cxx_defaulted_functions
    Feature record: CXX_FEATURE:1cxx_defaulted_move_initializers
    Feature record: CXX_FEATURE:1cxx_delegating_constructors
    Feature record: CXX_FEATURE:1cxx_deleted_functions
    Feature record: CXX_FEATURE:1cxx_digit_separators
    Feature record: CXX_FEATURE:1cxx_enum_forward_declarations
    Feature record: CXX_FEATURE:1cxx_explicit_conversions
    Feature record: CXX_FEATURE:1cxx_extended_friend_declarations
    Feature record: CXX_FEATURE:1cxx_extern_templates
    Feature record: CXX_FEATURE:1cxx_final
    Feature record: CXX_FEATURE:1cxx_func_identifier
    Feature record: CXX_FEATURE:1cxx_generalized_initializers
    Feature record: CXX_FEATURE:1cxx_generic_lambdas
    Feature record: CXX_FEATURE:1cxx_inheriting_constructors
    Feature record: CXX_FEATURE:1cxx_inline_namespaces
    Feature record: CXX_FEATURE:1cxx_lambdas
    Feature record: CXX_FEATURE:1cxx_lambda_init_captures
    Feature record: CXX_FEATURE:1cxx_local_type_template_args
    Feature record: CXX_FEATURE:1cxx_long_long_type
    Feature record: CXX_FEATURE:1cxx_noexcept
    Feature record: CXX_FEATURE:1cxx_nonstatic_member_init
    Feature record: CXX_FEATURE:1cxx_nullptr
    Feature record: CXX_FEATURE:1cxx_override
    Feature record: CXX_FEATURE:1cxx_range_for
    Feature record: CXX_FEATURE:1cxx_raw_string_literals
    Feature record: CXX_FEATURE:1cxx_reference_qualified_functions
    Feature record: CXX_FEATURE:1cxx_relaxed_constexpr
    Feature record: CXX_FEATURE:1cxx_return_type_deduction
    Feature record: CXX_FEATURE:1cxx_right_angle_brackets
    Feature record: CXX_FEATURE:1cxx_rvalue_references
    Feature record: CXX_FEATURE:1cxx_sizeof_member
    Feature record: CXX_FEATURE:1cxx_static_assert
    Feature record: CXX_FEATURE:1cxx_strong_enums
    Feature record: CXX_FEATURE:1cxx_template_template_parameters
    Feature record: CXX_FEATURE:1cxx_thread_local
    Feature record: CXX_FEATURE:1cxx_trailing_return_types
    Feature record: CXX_FEATURE:1cxx_unicode_literals
    Feature record: CXX_FEATURE:1cxx_uniform_initialization
    Feature record: CXX_FEATURE:1cxx_unrestricted_unions
    Feature record: CXX_FEATURE:1cxx_user_literals
    Feature record: CXX_FEATURE:1cxx_variable_templates
    Feature record: CXX_FEATURE:1cxx_variadic_macros
    Feature record: CXX_FEATURE:1cxx_variadic_templates


Detecting CXX [-std=c++14] compiler features compiled with the following output:
Change Dir: /Users/vmateu/GitHub/Caliper/build/CMakeFiles/CMakeTmp

Run Build Command:"/usr/bin/make" "cmTC_dabdd/fast"
/Applications/Xcode.app/Contents/Developer/usr/bin/make -f CMakeFiles/cmTC_dabdd.dir/build.make CMakeFiles/cmTC_dabdd.dir/build
Building CXX object CMakeFiles/cmTC_dabdd.dir/feature_tests.cxx.o
/Applications/Xcode.app/Contents/Developer/Toolchains/XcodeDefault.xctoolchain/usr/bin/c++    -std=c++14 -o CMakeFiles/cmTC_dabdd.dir/feature_tests.cxx.o -c /Users/vmateu/GitHub/Caliper/build/CMakeFiles/feature_tests.cxx
Linking CXX executable cmTC_dabdd
/opt/local/bin/cmake -E cmake_link_script CMakeFiles/cmTC_dabdd.dir/link.txt --verbose=1
/Applications/Xcode.app/Contents/Developer/Toolchains/XcodeDefault.xctoolchain/usr/bin/c++    -Wl,-search_paths_first -Wl,-headerpad_max_install_names   CMakeFiles/cmTC_dabdd.dir/feature_tests.cxx.o  -o cmTC_dabdd 


    Feature record: CXX_FEATURE:1cxx_aggregate_default_initializers
    Feature record: CXX_FEATURE:1cxx_alias_templates
    Feature record: CXX_FEATURE:1cxx_alignas
    Feature record: CXX_FEATURE:1cxx_alignof
    Feature record: CXX_FEATURE:1cxx_attributes
    Feature record: CXX_FEATURE:1cxx_attribute_deprecated
    Feature record: CXX_FEATURE:1cxx_auto_type
    Feature record: CXX_FEATURE:1cxx_binary_literals
    Feature record: CXX_FEATURE:1cxx_constexpr
    Feature record: CXX_FEATURE:1cxx_contextual_conversions
    Feature record: CXX_FEATURE:1cxx_decltype
    Feature record: CXX_FEATURE:1cxx_decltype_auto
    Feature record: CXX_FEATURE:1cxx_decltype_incomplete_return_types
    Feature record: CXX_FEATURE:1cxx_default_function_template_args
    Feature record: CXX_FEATURE:1cxx_defaulted_functions
    Feature record: CXX_FEATURE:1cxx_defaulted_move_initializers
    Feature record: CXX_FEATURE:1cxx_delegating_constructors
    Feature record: CXX_FEATURE:1cxx_deleted_functions
    Feature record: CXX_FEATURE:1cxx_digit_separators
    Feature record: CXX_FEATURE:1cxx_enum_forward_declarations
    Feature record: CXX_FEATURE:1cxx_explicit_conversions
    Feature record: CXX_FEATURE:1cxx_extended_friend_declarations
    Feature record: CXX_FEATURE:1cxx_extern_templates
    Feature record: CXX_FEATURE:1cxx_final
    Feature record: CXX_FEATURE:1cxx_func_identifier
    Feature record: CXX_FEATURE:1cxx_generalized_initializers
    Feature record: CXX_FEATURE:1cxx_generic_lambdas
    Feature record: CXX_FEATURE:1cxx_inheriting_constructors
    Feature record: CXX_FEATURE:1cxx_inline_namespaces
    Feature record: CXX_FEATURE:1cxx_lambdas
    Feature record: CXX_FEATURE:1cxx_lambda_init_captures
    Feature record: CXX_FEATURE:1cxx_local_type_template_args
    Feature record: CXX_FEATURE:1cxx_long_long_type
    Feature record: CXX_FEATURE:1cxx_noexcept
    Feature record: CXX_FEATURE:1cxx_nonstatic_member_init
    Feature record: CXX_FEATURE:1cxx_nullptr
    Feature record: CXX_FEATURE:1cxx_override
    Feature record: CXX_FEATURE:1cxx_range_for
    Feature record: CXX_FEATURE:1cxx_raw_string_literals
    Feature record: CXX_FEATURE:1cxx_reference_qualified_functions
    Feature record: CXX_FEATURE:1cxx_relaxed_constexpr
    Feature record: CXX_FEATURE:1cxx_return_type_deduction
    Feature record: CXX_FEATURE:1cxx_right_angle_brackets
    Feature record: CXX_FEATURE:1cxx_rvalue_references
    Feature record: CXX_FEATURE:1cxx_sizeof_member
    Feature record: CXX_FEATURE:1cxx_static_assert
    Feature record: CXX_FEATURE:1cxx_strong_enums
    Feature record: CXX_FEATURE:1cxx_template_template_parameters
    Feature record: CXX_FEATURE:1cxx_thread_local
    Feature record: CXX_FEATURE:1cxx_trailing_return_types
    Feature record: CXX_FEATURE:1cxx_unicode_literals
    Feature record: CXX_FEATURE:1cxx_uniform_initialization
    Feature record: CXX_FEATURE:1cxx_unrestricted_unions
    Feature record: CXX_FEATURE:1cxx_user_literals
    Feature record: CXX_FEATURE:1cxx_variable_templates
    Feature record: CXX_FEATURE:1cxx_variadic_macros
    Feature record: CXX_FEATURE:1cxx_variadic_templates


Detecting CXX [-std=c++11] compiler features compiled with the following output:
Change Dir: /Users/vmateu/GitHub/Caliper/build/CMakeFiles/CMakeTmp

Run Build Command:"/usr/bin/make" "cmTC_6c22c/fast"
/Applications/Xcode.app/Contents/Developer/usr/bin/make -f CMakeFiles/cmTC_6c22c.dir/build.make CMakeFiles/cmTC_6c22c.dir/build
Building CXX object CMakeFiles/cmTC_6c22c.dir/feature_tests.cxx.o
/Applications/Xcode.app/Contents/Developer/Toolchains/XcodeDefault.xctoolchain/usr/bin/c++    -std=c++11 -o CMakeFiles/cmTC_6c22c.dir/feature_tests.cxx.o -c /Users/vmateu/GitHub/Caliper/build/CMakeFiles/feature_tests.cxx
Linking CXX executable cmTC_6c22c
/opt/local/bin/cmake -E cmake_link_script CMakeFiles/cmTC_6c22c.dir/link.txt --verbose=1
/Applications/Xcode.app/Contents/Developer/Toolchains/XcodeDefault.xctoolchain/usr/bin/c++    -Wl,-search_paths_first -Wl,-headerpad_max_install_names   CMakeFiles/cmTC_6c22c.dir/feature_tests.cxx.o  -o cmTC_6c22c 


    Feature record: CXX_FEATURE:0cxx_aggregate_default_initializers
    Feature record: CXX_FEATURE:1cxx_alias_templates
    Feature record: CXX_FEATURE:1cxx_alignas
    Feature record: CXX_FEATURE:1cxx_alignof
    Feature record: CXX_FEATURE:1cxx_attributes
    Feature record: CXX_FEATURE:0cxx_attribute_deprecated
    Feature record: CXX_FEATURE:1cxx_auto_type
    Feature record: CXX_FEATURE:0cxx_binary_literals
    Feature record: CXX_FEATURE:1cxx_constexpr
    Feature record: CXX_FEATURE:0cxx_contextual_conversions
    Feature record: CXX_FEATURE:1cxx_decltype
    Feature record: CXX_FEATURE:0cxx_decltype_auto
    Feature record: CXX_FEATURE:1cxx_decltype_incomplete_return_types
    Feature record: CXX_FEATURE:1cxx_default_function_template_args
    Feature record: CXX_FEATURE:1cxx_defaulted_functions
    Feature record: CXX_FEATURE:1cxx_defaulted_move_initializers
    Feature record: CXX_FEATURE:1cxx_delegating_constructors
    Feature record: CXX_FEATURE:1cxx_deleted_functions
    Feature record: CXX_FEATURE:0cxx_digit_separators
    Feature record: CXX_FEATURE:1cxx_enum_forward_declarations
    Feature record: CXX_FEATURE:1cxx_explicit_conversions
    Feature record: CXX_FEATURE:1cxx_extended_friend_declarations
    Feature record: CXX_FEATURE:1cxx_extern_templates
    Feature record: CXX_FEATURE:1cxx_final
    Feature record: CXX_FEATURE:1cxx_func_identifier
    Feature record: CXX_FEATURE:1cxx_generalized_initializers
    Feature record: CXX_FEATURE:0cxx_generic_lambdas
    Feature record: CXX_FEATURE:1cxx_inheriting_constructors
    Feature record: CXX_FEATURE:1cxx_inline_namespaces
    Feature record: CXX_FEATURE:1cxx_lambdas
    Feature record: CXX_FEATURE:0cxx_lambda_init_captures
    Feature record: CXX_FEATURE:1cxx_local_type_template_args
    Feature record: CXX_FEATURE:1cxx_long_long_type
    Feature record: CXX_FEATURE:1cxx_noexcept
    Feature record: CXX_FEATURE:1cxx_nonstatic_member_init
    Feature record: CXX_FEATURE:1cxx_nullptr
    Feature record: CXX_FEATURE:1cxx_override
    Feature record: CXX_FEATURE:1cxx_range_for
    Feature record: CXX_FEATURE:1cxx_raw_string_literals
    Feature record: CXX_FEATURE:1cxx_reference_qualified_functions
    Feature record: CXX_FEATURE:0cxx_relaxed_constexpr
    Feature record: CXX_FEATURE:0cxx_return_type_deduction
    Feature record: CXX_FEATURE:1cxx_right_angle_brackets
    Feature record: CXX_FEATURE:1cxx_rvalue_references
    Feature record: CXX_FEATURE:1cxx_sizeof_member
    Feature record: CXX_FEATURE:1cxx_static_assert
    Feature record: CXX_FEATURE:1cxx_strong_enums
    Feature record: CXX_FEATURE:1cxx_template_template_parameters
    Feature record: CXX_FEATURE:1cxx_thread_local
    Feature record: CXX_FEATURE:1cxx_trailing_return_types
    Feature record: CXX_FEATURE:1cxx_unicode_literals
    Feature record: CXX_FEATURE:1cxx_uniform_initialization
    Feature record: CXX_FEATURE:1cxx_unrestricted_unions
    Feature record: CXX_FEATURE:1cxx_user_literals
    Feature record: CXX_FEATURE:0cxx_variable_templates
    Feature record: CXX_FEATURE:1cxx_variadic_macros
    Feature record: CXX_FEATURE:1cxx_variadic_templates


Detecting CXX [-std=c++98] compiler features compiled with the following output:
Change Dir: /Users/vmateu/GitHub/Caliper/build/CMakeFiles/CMakeTmp

Run Build Command:"/usr/bin/make" "cmTC_e8e4a/fast"
/Applications/Xcode.app/Contents/Developer/usr/bin/make -f CMakeFiles/cmTC_e8e4a.dir/build.make CMakeFiles/cmTC_e8e4a.dir/build
Building CXX object CMakeFiles/cmTC_e8e4a.dir/feature_tests.cxx.o
/Applications/Xcode.app/Contents/Developer/Toolchains/XcodeDefault.xctoolchain/usr/bin/c++    -std=c++98 -o CMakeFiles/cmTC_e8e4a.dir/feature_tests.cxx.o -c /Users/vmateu/GitHub/Caliper/build/CMakeFiles/feature_tests.cxx
Linking CXX executable cmTC_e8e4a
/opt/local/bin/cmake -E cmake_link_script CMakeFiles/cmTC_e8e4a.dir/link.txt --verbose=1
/Applications/Xcode.app/Contents/Developer/Toolchains/XcodeDefault.xctoolchain/usr/bin/c++    -Wl,-search_paths_first -Wl,-headerpad_max_install_names   CMakeFiles/cmTC_e8e4a.dir/feature_tests.cxx.o  -o cmTC_e8e4a 


    Feature record: CXX_FEATURE:0cxx_aggregate_default_initializers
    Feature record: CXX_FEATURE:0cxx_alias_templates
    Feature record: CXX_FEATURE:0cxx_alignas
    Feature record: CXX_FEATURE:0cxx_alignof
    Feature record: CXX_FEATURE:0cxx_attributes
    Feature record: CXX_FEATURE:0cxx_attribute_deprecated
    Feature record: CXX_FEATURE:0cxx_auto_type
    Feature record: CXX_FEATURE:0cxx_binary_literals
    Feature record: CXX_FEATURE:0cxx_constexpr
    Feature record: CXX_FEATURE:0cxx_contextual_conversions
    Feature record: CXX_FEATURE:0cxx_decltype
    Feature record: CXX_FEATURE:0cxx_decltype_auto
    Feature record: CXX_FEATURE:0cxx_decltype_incomplete_return_types
    Feature record: CXX_FEATURE:0cxx_default_function_template_args
    Feature record: CXX_FEATURE:0cxx_defaulted_functions
    Feature record: CXX_FEATURE:0cxx_defaulted_move_initializers
    Feature record: CXX_FEATURE:0cxx_delegating_constructors
    Feature record: CXX_FEATURE:0cxx_deleted_functions
    Feature record: CXX_FEATURE:0cxx_digit_separators
    Feature record: CXX_FEATURE:0cxx_enum_forward_declarations
    Feature record: CXX_FEATURE:0cxx_explicit_conversions
    Feature record: CXX_FEATURE:0cxx_extended_friend_declarations
    Feature record: CXX_FEATURE:0cxx_extern_templates
    Feature record: CXX_FEATURE:0cxx_final
    Feature record: CXX_FEATURE:0cxx_func_identifier
    Feature record: CXX_FEATURE:0cxx_generalized_initializers
    Feature record: CXX_FEATURE:0cxx_generic_lambdas
    Feature record: CXX_FEATURE:0cxx_inheriting_constructors
    Feature record: CXX_FEATURE:0cxx_inline_namespaces
    Feature record: CXX_FEATURE:0cxx_lambdas
    Feature record: CXX_FEATURE:0cxx_lambda_init_captures
    Feature record: CXX_FEATURE:0cxx_local_type_template_args
    Feature record: CXX_FEATURE:0cxx_long_long_type
    Feature record: CXX_FEATURE:0cxx_noexcept
    Feature record: CXX_FEATURE:0cxx_nonstatic_member_init
    Feature record: CXX_FEATURE:0cxx_nullptr
    Feature record: CXX_FEATURE:0cxx_override
    Feature record: CXX_FEATURE:0cxx_range_for
    Feature record: CXX_FEATURE:0cxx_raw_string_literals
    Feature record: CXX_FEATURE:0cxx_reference_qualified_functions
    Feature record: CXX_FEATURE:0cxx_relaxed_constexpr
    Feature record: CXX_FEATURE:0cxx_return_type_deduction
    Feature record: CXX_FEATURE:0cxx_right_angle_brackets
    Feature record: CXX_FEATURE:0cxx_rvalue_references
    Feature record: CXX_FEATURE:0cxx_sizeof_member
    Feature record: CXX_FEATURE:0cxx_static_assert
    Feature record: CXX_FEATURE:0cxx_strong_enums
    Feature record: CXX_FEATURE:1cxx_template_template_parameters
    Feature record: CXX_FEATURE:0cxx_thread_local
    Feature record: CXX_FEATURE:0cxx_trailing_return_types
    Feature record: CXX_FEATURE:0cxx_unicode_literals
    Feature record: CXX_FEATURE:0cxx_uniform_initialization
    Feature record: CXX_FEATURE:0cxx_unrestricted_unions
    Feature record: CXX_FEATURE:0cxx_user_literals
    Feature record: CXX_FEATURE:0cxx_variable_templates
    Feature record: CXX_FEATURE:0cxx_variadic_macros
    Feature record: CXX_FEATURE:0cxx_variadic_templates
Determining if the Fortran compiler works passed with the following output:
Change Dir: /Users/vmateu/GitHub/Caliper/build/CMakeFiles/CMakeTmp

Run Build Command:"/usr/bin/make" "cmTC_ef76f/fast"
/Applications/Xcode.app/Contents/Developer/usr/bin/make -f CMakeFiles/cmTC_ef76f.dir/build.make CMakeFiles/cmTC_ef76f.dir/build
Building Fortran object CMakeFiles/cmTC_ef76f.dir/testFortranCompiler.f.o
/usr/local/bin/gfortran    -c /Users/vmateu/GitHub/Caliper/build/CMakeFiles/CMakeTmp/testFortranCompiler.f -o CMakeFiles/cmTC_ef76f.dir/testFortranCompiler.f.o
Linking Fortran executable cmTC_ef76f
/opt/local/bin/cmake -E cmake_link_script CMakeFiles/cmTC_ef76f.dir/link.txt --verbose=1
/usr/local/bin/gfortran      CMakeFiles/cmTC_ef76f.dir/testFortranCompiler.f.o  -o cmTC_ef76f 


Detecting Fortran compiler ABI info compiled with the following output:
Change Dir: /Users/vmateu/GitHub/Caliper/build/CMakeFiles/CMakeTmp

Run Build Command:"/usr/bin/make" "cmTC_2233a/fast"
/Applications/Xcode.app/Contents/Developer/usr/bin/make -f CMakeFiles/cmTC_2233a.dir/build.make CMakeFiles/cmTC_2233a.dir/build
Building Fortran object CMakeFiles/cmTC_2233a.dir/CMakeFortranCompilerABI.F.o
/usr/local/bin/gfortran    -c /opt/local/share/cmake-3.9/Modules/CMakeFortranCompilerABI.F -o CMakeFiles/cmTC_2233a.dir/CMakeFortranCompilerABI.F.o
Linking Fortran executable cmTC_2233a
/opt/local/bin/cmake -E cmake_link_script CMakeFiles/cmTC_2233a.dir/link.txt --verbose=1
/usr/local/bin/gfortran   -v -Wl,-v   CMakeFiles/cmTC_2233a.dir/CMakeFortranCompilerABI.F.o  -o cmTC_2233a 
Driving: /usr/local/bin/gfortran -v -Wl,-v CMakeFiles/cmTC_2233a.dir/CMakeFortranCompilerABI.F.o -o cmTC_2233a -mmacosx-version-min=10.12.7 -asm_macosx_version_min=10.12 -l gfortran -shared-libgcc
Using built-in specs.
COLLECT_GCC=/usr/local/bin/gfortran
COLLECT_LTO_WRAPPER=/usr/local/libexec/gcc/x86_64-apple-darwin15.6.0/6.3.0/lto-wrapper
Target: x86_64-apple-darwin15.6.0
Configured with: ../gcc-6.3.0/configure --enable-languages=c++,fortran
Thread model: posix
gcc version 6.3.0 (GCC) 
Reading specs from /usr/local/lib/gcc/x86_64-apple-darwin15.6.0/6.3.0/../../../libgfortran.spec
rename spec lib to liborig
COLLECT_GCC_OPTIONS='-v' '-o' 'cmTC_2233a' '-mmacosx-version-min=10.12.7' '-asm_macosx_version_min=10.12' '-shared-libgcc' '-mtune=core2'
COMPILER_PATH=/usr/local/libexec/gcc/x86_64-apple-darwin15.6.0/6.3.0/:/usr/local/libexec/gcc/x86_64-apple-darwin15.6.0/6.3.0/:/usr/local/libexec/gcc/x86_64-apple-darwin15.6.0/:/usr/local/lib/gcc/x86_64-apple-darwin15.6.0/6.3.0/:/usr/local/lib/gcc/x86_64-apple-darwin15.6.0/
LIBRARY_PATH=/usr/local/lib/gcc/x86_64-apple-darwin15.6.0/6.3.0/:/usr/local/lib/gcc/x86_64-apple-darwin15.6.0/6.3.0/../../../
COLLECT_GCC_OPTIONS='-v' '-o' 'cmTC_2233a' '-mmacosx-version-min=10.12.7' '-asm_macosx_version_min=10.12' '-shared-libgcc' '-mtune=core2'
 /usr/local/libexec/gcc/x86_64-apple-darwin15.6.0/6.3.0/collect2 -dynamic -arch x86_64 -macosx_version_min 10.12.7 -weak_reference_mismatches non-weak -o cmTC_2233a -L/usr/local/lib/gcc/x86_64-apple-darwin15.6.0/6.3.0 -L/usr/local/lib/gcc/x86_64-apple-darwin15.6.0/6.3.0/../../.. -v CMakeFiles/cmTC_2233a.dir/CMakeFortranCompilerABI.F.o -lgfortran -no_compact_unwind -lSystem -lgcc_ext.10.5 -lgcc -lquadmath -lm -lgcc_ext.10.5 -lgcc -lSystem -v
collect2 version 6.3.0
/usr/bin/ld -dynamic -arch x86_64 -macosx_version_min 10.12.7 -weak_reference_mismatches non-weak -o cmTC_2233a -L/usr/local/lib/gcc/x86_64-apple-darwin15.6.0/6.3.0 -L/usr/local/lib/gcc/x86_64-apple-darwin15.6.0/6.3.0/../../.. -v CMakeFiles/cmTC_2233a.dir/CMakeFortranCompilerABI.F.o -lgfortran -no_compact_unwind -lSystem -lgcc_ext.10.5 -lgcc -lquadmath -lm -lgcc_ext.10.5 -lgcc -lSystem -v
@(#)PROGRAM:ld  PROJECT:ld64-302.3.1
configured to support archs: armv6 armv7 armv7s arm64 i386 x86_64 x86_64h armv6m armv7k armv7m armv7em (tvOS)
@(#)PROGRAM:ld  PROJECT:ld64-302.3.1
configured to support archs: armv6 armv7 armv7s arm64 i386 x86_64 x86_64h armv6m armv7k armv7m armv7em (tvOS)
Library search paths:
	/usr/local/lib/gcc/x86_64-apple-darwin15.6.0/6.3.0
	/usr/local/lib
	/usr/lib
	/usr/local/lib
Framework search paths:
	/Library/Frameworks/
	/System/Library/Frameworks/


Parsed Fortran implicit link information from above output:
  link line regex: [^( *|.*[/\])(ld|CMAKE_LINK_STARTFILE-NOTFOUND|([^/\]+-)?ld|collect2)[^/\]*( |$)]
  ignore line: [Change Dir: /Users/vmateu/GitHub/Caliper/build/CMakeFiles/CMakeTmp]
  ignore line: []
  ignore line: [Run Build Command:"/usr/bin/make" "cmTC_2233a/fast"]
  ignore line: [/Applications/Xcode.app/Contents/Developer/usr/bin/make -f CMakeFiles/cmTC_2233a.dir/build.make CMakeFiles/cmTC_2233a.dir/build]
  ignore line: [Building Fortran object CMakeFiles/cmTC_2233a.dir/CMakeFortranCompilerABI.F.o]
  ignore line: [/usr/local/bin/gfortran    -c /opt/local/share/cmake-3.9/Modules/CMakeFortranCompilerABI.F -o CMakeFiles/cmTC_2233a.dir/CMakeFortranCompilerABI.F.o]
  ignore line: [Linking Fortran executable cmTC_2233a]
  ignore line: [/opt/local/bin/cmake -E cmake_link_script CMakeFiles/cmTC_2233a.dir/link.txt --verbose=1]
  ignore line: [/usr/local/bin/gfortran   -v -Wl,-v   CMakeFiles/cmTC_2233a.dir/CMakeFortranCompilerABI.F.o  -o cmTC_2233a ]
  ignore line: [Driving: /usr/local/bin/gfortran -v -Wl,-v CMakeFiles/cmTC_2233a.dir/CMakeFortranCompilerABI.F.o -o cmTC_2233a -mmacosx-version-min=10.12.7 -asm_macosx_version_min=10.12 -l gfortran -shared-libgcc]
  ignore line: [Using built-in specs.]
  ignore line: [COLLECT_GCC=/usr/local/bin/gfortran]
  ignore line: [COLLECT_LTO_WRAPPER=/usr/local/libexec/gcc/x86_64-apple-darwin15.6.0/6.3.0/lto-wrapper]
  ignore line: [Target: x86_64-apple-darwin15.6.0]
  ignore line: [Configured with: ../gcc-6.3.0/configure --enable-languages=c++,fortran]
  ignore line: [Thread model: posix]
  ignore line: [gcc version 6.3.0 (GCC) ]
  ignore line: [Reading specs from /usr/local/lib/gcc/x86_64-apple-darwin15.6.0/6.3.0/../../../libgfortran.spec]
  ignore line: [rename spec lib to liborig]
  ignore line: [COLLECT_GCC_OPTIONS='-v' '-o' 'cmTC_2233a' '-mmacosx-version-min=10.12.7' '-asm_macosx_version_min=10.12' '-shared-libgcc' '-mtune=core2']
  ignore line: [COMPILER_PATH=/usr/local/libexec/gcc/x86_64-apple-darwin15.6.0/6.3.0/:/usr/local/libexec/gcc/x86_64-apple-darwin15.6.0/6.3.0/:/usr/local/libexec/gcc/x86_64-apple-darwin15.6.0/:/usr/local/lib/gcc/x86_64-apple-darwin15.6.0/6.3.0/:/usr/local/lib/gcc/x86_64-apple-darwin15.6.0/]
  ignore line: [LIBRARY_PATH=/usr/local/lib/gcc/x86_64-apple-darwin15.6.0/6.3.0/:/usr/local/lib/gcc/x86_64-apple-darwin15.6.0/6.3.0/../../../]
  ignore line: [COLLECT_GCC_OPTIONS='-v' '-o' 'cmTC_2233a' '-mmacosx-version-min=10.12.7' '-asm_macosx_version_min=10.12' '-shared-libgcc' '-mtune=core2']
  link line: [ /usr/local/libexec/gcc/x86_64-apple-darwin15.6.0/6.3.0/collect2 -dynamic -arch x86_64 -macosx_version_min 10.12.7 -weak_reference_mismatches non-weak -o cmTC_2233a -L/usr/local/lib/gcc/x86_64-apple-darwin15.6.0/6.3.0 -L/usr/local/lib/gcc/x86_64-apple-darwin15.6.0/6.3.0/../../.. -v CMakeFiles/cmTC_2233a.dir/CMakeFortranCompilerABI.F.o -lgfortran -no_compact_unwind -lSystem -lgcc_ext.10.5 -lgcc -lquadmath -lm -lgcc_ext.10.5 -lgcc -lSystem -v]
    arg [/usr/local/libexec/gcc/x86_64-apple-darwin15.6.0/6.3.0/collect2] ==> ignore
    arg [-dynamic] ==> ignore
    arg [-arch] ==> ignore
    arg [x86_64] ==> ignore
    arg [-macosx_version_min] ==> ignore
    arg [10.12.7] ==> ignore
    arg [-weak_reference_mismatches] ==> ignore
    arg [non-weak] ==> ignore
    arg [-o] ==> ignore
    arg [cmTC_2233a] ==> ignore
    arg [-L/usr/local/lib/gcc/x86_64-apple-darwin15.6.0/6.3.0] ==> dir [/usr/local/lib/gcc/x86_64-apple-darwin15.6.0/6.3.0]
    arg [-L/usr/local/lib/gcc/x86_64-apple-darwin15.6.0/6.3.0/../../..] ==> dir [/usr/local/lib/gcc/x86_64-apple-darwin15.6.0/6.3.0/../../..]
    arg [-v] ==> ignore
    arg [CMakeFiles/cmTC_2233a.dir/CMakeFortranCompilerABI.F.o] ==> ignore
    arg [-lgfortran] ==> lib [gfortran]
    arg [-no_compact_unwind] ==> ignore
    arg [-lSystem] ==> lib [System]
    arg [-lgcc_ext.10.5] ==> lib [gcc_ext.10.5]
    arg [-lgcc] ==> lib [gcc]
    arg [-lquadmath] ==> lib [quadmath]
    arg [-lm] ==> lib [m]
    arg [-lgcc_ext.10.5] ==> lib [gcc_ext.10.5]
    arg [-lgcc] ==> lib [gcc]
    arg [-lSystem] ==> lib [System]
    arg [-v] ==> ignore
  Library search paths: [;/usr/local/lib/gcc/x86_64-apple-darwin15.6.0/6.3.0;/usr/local/lib;/usr/lib;/usr/local/lib]
  Framework search paths: [;/Library/Frameworks/;/System/Library/Frameworks/]
  remove lib [System]
  remove lib [System]
  collapse library dir [/usr/local/lib/gcc/x86_64-apple-darwin15.6.0/6.3.0] ==> [/usr/local/lib/gcc/x86_64-apple-darwin15.6.0/6.3.0]
  collapse library dir [/usr/local/lib/gcc/x86_64-apple-darwin15.6.0/6.3.0/../../..] ==> [/usr/local/lib]
  collapse library dir [/usr/local/lib/gcc/x86_64-apple-darwin15.6.0/6.3.0] ==> [/usr/local/lib/gcc/x86_64-apple-darwin15.6.0/6.3.0]
  collapse library dir [/usr/local/lib] ==> [/usr/local/lib]
  collapse library dir [/usr/lib] ==> [/usr/lib]
  collapse library dir [/usr/local/lib] ==> [/usr/local/lib]
  collapse framework dir [/Library/Frameworks/] ==> [/Library/Frameworks]
  collapse framework dir [/System/Library/Frameworks/] ==> [/System/Library/Frameworks]
  implicit libs: [gfortran;gcc_ext.10.5;gcc;quadmath;m;gcc_ext.10.5;gcc]
  implicit dirs: [/usr/local/lib/gcc/x86_64-apple-darwin15.6.0/6.3.0;/usr/local/lib;/usr/lib]
  implicit fwks: [/Library/Frameworks;/System/Library/Frameworks]


Determining if the Fortran compiler supports Fortran 90 passed with the following output:
Change Dir: /Users/vmateu/GitHub/Caliper/build/CMakeFiles/CMakeTmp

Run Build Command:"/usr/bin/make" "cmTC_f7cba/fast"
/Applications/Xcode.app/Contents/Developer/usr/bin/make -f CMakeFiles/cmTC_f7cba.dir/build.make CMakeFiles/cmTC_f7cba.dir/build
Building Fortran object CMakeFiles/cmTC_f7cba.dir/testFortranCompilerF90.f90.o
/usr/local/bin/gfortran    -c /Users/vmateu/GitHub/Caliper/build/CMakeFiles/CMakeTmp/testFortranCompilerF90.f90 -o CMakeFiles/cmTC_f7cba.dir/testFortranCompilerF90.f90.o
Linking Fortran executable cmTC_f7cba
/opt/local/bin/cmake -E cmake_link_script CMakeFiles/cmTC_f7cba.dir/link.txt --verbose=1
/usr/local/bin/gfortran      CMakeFiles/cmTC_f7cba.dir/testFortranCompilerF90.f90.o  -o cmTC_f7cba 


Determining if the include file sys/types.h exists passed with the following output:
Change Dir: /Users/vmateu/GitHub/Caliper/build/CMakeFiles/CMakeTmp

Run Build Command:"/usr/bin/make" "cmTC_b3bcb/fast"
/Applications/Xcode.app/Contents/Developer/usr/bin/make -f CMakeFiles/cmTC_b3bcb.dir/build.make CMakeFiles/cmTC_b3bcb.dir/build
Building C object CMakeFiles/cmTC_b3bcb.dir/CheckIncludeFile.c.o
/Applications/Xcode.app/Contents/Developer/Toolchains/XcodeDefault.xctoolchain/usr/bin/cc    -o CMakeFiles/cmTC_b3bcb.dir/CheckIncludeFile.c.o   -c /Users/vmateu/GitHub/Caliper/build/CMakeFiles/CMakeTmp/CheckIncludeFile.c
Linking C executable cmTC_b3bcb
/opt/local/bin/cmake -E cmake_link_script CMakeFiles/cmTC_b3bcb.dir/link.txt --verbose=1
/Applications/Xcode.app/Contents/Developer/Toolchains/XcodeDefault.xctoolchain/usr/bin/cc   -Wl,-search_paths_first -Wl,-headerpad_max_install_names   CMakeFiles/cmTC_b3bcb.dir/CheckIncludeFile.c.o  -o cmTC_b3bcb 


Determining if the include file stdint.h exists passed with the following output:
Change Dir: /Users/vmateu/GitHub/Caliper/build/CMakeFiles/CMakeTmp

Run Build Command:"/usr/bin/make" "cmTC_8c0bf/fast"
/Applications/Xcode.app/Contents/Developer/usr/bin/make -f CMakeFiles/cmTC_8c0bf.dir/build.make CMakeFiles/cmTC_8c0bf.dir/build
Building C object CMakeFiles/cmTC_8c0bf.dir/CheckIncludeFile.c.o
/Applications/Xcode.app/Contents/Developer/Toolchains/XcodeDefault.xctoolchain/usr/bin/cc    -o CMakeFiles/cmTC_8c0bf.dir/CheckIncludeFile.c.o   -c /Users/vmateu/GitHub/Caliper/build/CMakeFiles/CMakeTmp/CheckIncludeFile.c
Linking C executable cmTC_8c0bf
/opt/local/bin/cmake -E cmake_link_script CMakeFiles/cmTC_8c0bf.dir/link.txt --verbose=1
/Applications/Xcode.app/Contents/Developer/Toolchains/XcodeDefault.xctoolchain/usr/bin/cc   -Wl,-search_paths_first -Wl,-headerpad_max_install_names   CMakeFiles/cmTC_8c0bf.dir/CheckIncludeFile.c.o  -o cmTC_8c0bf 


Determining if the include file stddef.h exists passed with the following output:
Change Dir: /Users/vmateu/GitHub/Caliper/build/CMakeFiles/CMakeTmp

Run Build Command:"/usr/bin/make" "cmTC_8406e/fast"
/Applications/Xcode.app/Contents/Developer/usr/bin/make -f CMakeFiles/cmTC_8406e.dir/build.make CMakeFiles/cmTC_8406e.dir/build
Building C object CMakeFiles/cmTC_8406e.dir/CheckIncludeFile.c.o
/Applications/Xcode.app/Contents/Developer/Toolchains/XcodeDefault.xctoolchain/usr/bin/cc    -o CMakeFiles/cmTC_8406e.dir/CheckIncludeFile.c.o   -c /Users/vmateu/GitHub/Caliper/build/CMakeFiles/CMakeTmp/CheckIncludeFile.c
Linking C executable cmTC_8406e
/opt/local/bin/cmake -E cmake_link_script CMakeFiles/cmTC_8406e.dir/link.txt --verbose=1
/Applications/Xcode.app/Contents/Developer/Toolchains/XcodeDefault.xctoolchain/usr/bin/cc   -Wl,-search_paths_first -Wl,-headerpad_max_install_names   CMakeFiles/cmTC_8406e.dir/CheckIncludeFile.c.o  -o cmTC_8406e 


Determining size of unsigned short passed with the following output:
Change Dir: /Users/vmateu/GitHub/Caliper/build/CMakeFiles/CMakeTmp

Run Build Command:"/usr/bin/make" "cmTC_3639b/fast"
/Applications/Xcode.app/Contents/Developer/usr/bin/make -f CMakeFiles/cmTC_3639b.dir/build.make CMakeFiles/cmTC_3639b.dir/build
Building C object CMakeFiles/cmTC_3639b.dir/CMAKE_SIZEOF_UNSIGNED_SHORT.c.o
/Applications/Xcode.app/Contents/Developer/Toolchains/XcodeDefault.xctoolchain/usr/bin/cc    -o CMakeFiles/cmTC_3639b.dir/CMAKE_SIZEOF_UNSIGNED_SHORT.c.o   -c /Users/vmateu/GitHub/Caliper/build/CMakeFiles/CheckTypeSize/CMAKE_SIZEOF_UNSIGNED_SHORT.c
Linking C executable cmTC_3639b
/opt/local/bin/cmake -E cmake_link_script CMakeFiles/cmTC_3639b.dir/link.txt --verbose=1
/Applications/Xcode.app/Contents/Developer/Toolchains/XcodeDefault.xctoolchain/usr/bin/cc   -Wl,-search_paths_first -Wl,-headerpad_max_install_names   CMakeFiles/cmTC_3639b.dir/CMAKE_SIZEOF_UNSIGNED_SHORT.c.o  -o cmTC_3639b 


Determining if the system is big endian passed with the following output:
Change Dir: /Users/vmateu/GitHub/Caliper/build/CMakeFiles/CMakeTmp

Run Build Command:"/usr/bin/make" "cmTC_26bca/fast"
/Applications/Xcode.app/Contents/Developer/usr/bin/make -f CMakeFiles/cmTC_26bca.dir/build.make CMakeFiles/cmTC_26bca.dir/build
Building C object CMakeFiles/cmTC_26bca.dir/TestEndianess.c.o
/Applications/Xcode.app/Contents/Developer/Toolchains/XcodeDefault.xctoolchain/usr/bin/cc    -o CMakeFiles/cmTC_26bca.dir/TestEndianess.c.o   -c /Users/vmateu/GitHub/Caliper/build/CMakeFiles/CMakeTmp/TestEndianess.c
Linking C executable cmTC_26bca
/opt/local/bin/cmake -E cmake_link_script CMakeFiles/cmTC_26bca.dir/link.txt --verbose=1
/Applications/Xcode.app/Contents/Developer/Toolchains/XcodeDefault.xctoolchain/usr/bin/cc   -Wl,-search_paths_first -Wl,-headerpad_max_install_names   CMakeFiles/cmTC_26bca.dir/TestEndianess.c.o  -o cmTC_26bca 

TestEndianess.c:
/* A 16 bit integer is required. */
typedef unsigned short cmakeint16;

/* On a little endian machine, these 16bit ints will give "THIS IS LITTLE ENDIAN."
   On a big endian machine the characters will be exchanged pairwise. */
const cmakeint16 info_little[] =  {0x4854, 0x5349, 0x4920, 0x2053, 0x494c, 0x5454, 0x454c, 0x4520, 0x444e, 0x4149, 0x2e4e, 0x0000};

/* on a big endian machine, these 16bit ints will give "THIS IS BIG ENDIAN."
   On a little endian machine the characters will be exchanged pairwise. */
const cmakeint16 info_big[] =     {0x5448, 0x4953, 0x2049, 0x5320, 0x4249, 0x4720, 0x454e, 0x4449, 0x414e, 0x2e2e, 0x0000};

#ifdef __CLASSIC_C__
int main(argc, argv) int argc; char *argv[];
#else
int main(int argc, char *argv[])
#endif
{
  int require = 0;
  require += info_little[argc];
  require += info_big[argc];
  (void)argv;
  return require;
}


